生成启动时间为 2019/8/1 12:03:05。
     1>项目“D:\CEngineer\opencvPractice\XVideoEdit\src\XVideoEdit\XVideoEdit.vcxproj”在节点 2 上(Build 个目标)。
     1>C:\Program Files (x86)\MSBuild\Microsoft.Cpp\v4.0\V140\Microsoft.CppBuild.targets(368,5): warning MSB8004: Output Directory does not end with a trailing slash.  This build instance will add the slash as it is required to allow proper evaluation of the Output Directory.
     1>CustomBuild:
         Moc'ing XVideoUI.h...
       ClCompile:
         D:\VSInstall\VC\bin\x86_amd64\CL.exe /c /I..\include /I.\GeneratedFiles /I. /IE:\Qt\5.6\msvc2015_64\5.6\msvc2015_64\include /I.\GeneratedFiles\Debug /IE:\Qt\5.6\msvc2015_64\5.6\msvc2015_64\include\QtCore /IE:\Qt\5.6\msvc2015_64\5.6\msvc2015_64\include\QtGui /IE:\Qt\5.6\msvc2015_64\5.6\msvc2015_64\include\QtANGLE /IE:\Qt\5.6\msvc2015_64\5.6\msvc2015_64\include\QtOpenGL /IE:\Qt\5.6\msvc2015_64\5.6\msvc2015_64\include\QtWidgets /Zi /nologo /W1 /WX- /MP /Od /D UNICODE /D WIN32 /D WIN64 /D QT_DLL /D QT_CORE_LIB /D QT_GUI_LIB /D QT_OPENGL_LIB /D QT_WIDGETS_LIB /Gm- /EHsc /MDd /GS /fp:precise /Zc:wchar_t /Zc:forScope /Zc:inline /Fo"x64\Debug\\" /Fd"x64\Debug\vc140.pdb" /Gd /TP /errorReport:prompt GeneratedFiles\Debug\moc_XVideoUI.cpp XVideoUI.cpp main.cpp
         moc_XVideoUI.cpp
         XVideoUI.cpp
         main.cpp
     1>D:\CEngineer\opencvPractice\XVideoEdit\src\include\opencv2/core/mat.hpp(1926): warning C4819: 该文件包含不能在当前代码页(936)中表示的字符。请将该文件保存为 Unicode 格式以防止数据丢失 (编译源文件 XVideoUI.cpp)
     1>D:\CEngineer\opencvPractice\XVideoEdit\src\include\opencv2/core/mat.hpp(1926): warning C4819: 该文件包含不能在当前代码页(936)中表示的字符。请将该文件保存为 Unicode 格式以防止数据丢失 (编译源文件 main.cpp)
     1>D:\CEngineer\opencvPractice\XVideoEdit\src\include\opencv2/core/mat.hpp(1926): warning C4819: 该文件包含不能在当前代码页(936)中表示的字符。请将该文件保存为 Unicode 格式以防止数据丢失 (编译源文件 GeneratedFiles\Debug\moc_XVideoUI.cpp)
     1>D:\CEngineer\opencvPractice\XVideoEdit\src\include\opencv2/core/persistence.hpp : warning C4819: 该文件包含不能在当前代码页(936)中表示的字符。请将该文件保存为 Unicode 格式以防止数据丢失 (编译源文件 main.cpp)
     1>D:\CEngineer\opencvPractice\XVideoEdit\src\include\opencv2/core/persistence.hpp : warning C4819: 该文件包含不能在当前代码页(936)中表示的字符。请将该文件保存为 Unicode 格式以防止数据丢失 (编译源文件 XVideoUI.cpp)
     1>D:\CEngineer\opencvPractice\XVideoEdit\src\include\opencv2/core/persistence.hpp : warning C4819: 该文件包含不能在当前代码页(936)中表示的字符。请将该文件保存为 Unicode 格式以防止数据丢失 (编译源文件 GeneratedFiles\Debug\moc_XVideoUI.cpp)
     1>D:\CEngineer\opencvPractice\XVideoEdit\src\include\opencv2/core/utility.hpp : warning C4819: 该文件包含不能在当前代码页(936)中表示的字符。请将该文件保存为 Unicode 格式以防止数据丢失 (编译源文件 main.cpp)
     1>D:\CEngineer\opencvPractice\XVideoEdit\src\include\opencv2/core/utility.hpp : warning C4819: 该文件包含不能在当前代码页(936)中表示的字符。请将该文件保存为 Unicode 格式以防止数据丢失 (编译源文件 XVideoUI.cpp)
     1>D:\CEngineer\opencvPractice\XVideoEdit\src\include\opencv2/core/utility.hpp : warning C4819: 该文件包含不能在当前代码页(936)中表示的字符。请将该文件保存为 Unicode 格式以防止数据丢失 (编译源文件 main.cpp)
     1>D:\CEngineer\opencvPractice\XVideoEdit\src\include\opencv2/core/utility.hpp : warning C4819: 该文件包含不能在当前代码页(936)中表示的字符。请将该文件保存为 Unicode 格式以防止数据丢失 (编译源文件 XVideoUI.cpp)
     1>D:\CEngineer\opencvPractice\XVideoEdit\src\include\opencv2/core/utility.hpp : warning C4819: 该文件包含不能在当前代码页(936)中表示的字符。请将该文件保存为 Unicode 格式以防止数据丢失 (编译源文件 GeneratedFiles\Debug\moc_XVideoUI.cpp)
     1>D:\CEngineer\opencvPractice\XVideoEdit\src\include\opencv2/core/utility.hpp : warning C4819: 该文件包含不能在当前代码页(936)中表示的字符。请将该文件保存为 Unicode 格式以防止数据丢失 (编译源文件 GeneratedFiles\Debug\moc_XVideoUI.cpp)
     1>D:\CEngineer\opencvPractice\XVideoEdit\src\include\opencv2/imgproc.hpp(617): warning C4819: 该文件包含不能在当前代码页(936)中表示的字符。请将该文件保存为 Unicode 格式以防止数据丢失 (编译源文件 XVideoUI.cpp)
       Link:
         D:\VSInstall\VC\bin\x86_amd64\link.exe /ERRORREPORT:PROMPT /OUT:"..\..\bin\\XVideoEdit.exe" /NOLOGO /LIBPATH:E:\Qt\5.6\msvc2015_64\5.6\msvc2015_64\lib /LIBPATH:..\..\lib opencv_world320d.lib qtmaind.lib Qt5Cored.lib Qt5Guid.lib Qt5OpenGLd.lib opengl32.lib glu32.lib Qt5Widgetsd.lib kernel32.lib user32.lib gdi32.lib winspool.lib comdlg32.lib advapi32.lib shell32.lib ole32.lib oleaut32.lib uuid.lib odbc32.lib odbccp32.lib /MANIFEST /MANIFESTUAC:"level='asInvoker' uiAccess='false'" /manifest:embed /Debug /PDB:"..\..\bin\XVideoEdit.pdb" /SUBSYSTEM:CONSOLE /TLBID:1 /DYNAMICBASE /NXCOMPAT /IMPLIB:"..\..\bin\XVideoEdit.lib" /MACHINE:X64 x64\Debug\moc_XVideoThread.obj
         x64\Debug\moc_XVideoUI.obj
         x64\Debug\moc_XVideoWidget.obj
         x64\Debug\qrc_XVideoUI.obj
         x64\Debug\main.obj
         x64\Debug\XAudio.obj
         x64\Debug\XImagePro.obj
         x64\Debug\XVideoFilter.obj
         x64\Debug\XVideoThread.obj
         x64\Debug\XVideoUI.obj
         x64\Debug\XVideoWidget.obj
         XVideoEdit.vcxproj -> D:\CEngineer\opencvPractice\XVideoEdit\src\XVideoEdit\..\..\bin\XVideoEdit.exe
     1>已完成生成项目“D:\CEngineer\opencvPractice\XVideoEdit\src\XVideoEdit\XVideoEdit.vcxproj”(Build 个目标)的操作。

已成功生成。

已用时间 00:00:08.25
