d:\cengineer\opencvpractice\xvideoedit\src\xvideoedit\x64\debug\moc_xvideothread.obj
d:\cengineer\opencvpractice\xvideoedit\src\xvideoedit\x64\debug\xaudio.obj
d:\cengineer\opencvpractice\xvideoedit\src\xvideoedit\x64\debug\ximagepro.obj
d:\cengineer\opencvpractice\xvideoedit\src\xvideoedit\x64\debug\xvideowidget.obj
d:\cengineer\opencvpractice\xvideoedit\src\xvideoedit\x64\debug\moc_xvideowidget.obj
d:\cengineer\opencvpractice\xvideoedit\src\xvideoedit\x64\debug\xvideofilter.obj
d:\cengineer\opencvpractice\xvideoedit\src\xvideoedit\x64\debug\main.obj
d:\cengineer\opencvpractice\xvideoedit\src\xvideoedit\x64\debug\xvideoui.obj
d:\cengineer\opencvpractice\xvideoedit\src\xvideoedit\x64\debug\moc_xvideoui.obj
d:\cengineer\opencvpractice\xvideoedit\src\xvideoedit\x64\debug\xvideothread.obj
d:\cengineer\opencvpractice\xvideoedit\src\xvideoedit\x64\debug\vc140.pdb
d:\cengineer\opencvpractice\xvideoedit\src\xvideoedit\x64\debug\qrc_xvideoui.obj
d:\cengineer\opencvpractice\xvideoedit\src\xvideoedit\generatedfiles\debug\moc_xvideoui.cpp
d:\cengineer\opencvpractice\xvideoedit\src\xvideoedit\generatedfiles\debug\moc_xvideothread.cpp
d:\cengineer\opencvpractice\xvideoedit\src\xvideoedit\generatedfiles\debug\moc_xvideowidget.cpp
d:\cengineer\opencvpractice\xvideoedit\src\xvideoedit\generatedfiles\qrc_xvideoui.cpp
d:\cengineer\opencvpractice\xvideoedit\src\xvideoedit\generatedfiles\ui_xvideoui.h
d:\cengineer\opencvpractice\xvideoedit\bin\xvideoedit.ilk
d:\cengineer\opencvpractice\xvideoedit\bin\xvideoedit.exe
d:\cengineer\opencvpractice\xvideoedit\bin\xvideoedit.pdb
d:\cengineer\opencvpractice\xvideoedit\src\xvideoedit\..\..\bin\xvideoedit.exe
d:\cengineer\opencvpractice\xvideoedit\src\xvideoedit\x64\debug\xvideoedit.tlog\cl.command.1.tlog
d:\cengineer\opencvpractice\xvideoedit\src\xvideoedit\x64\debug\xvideoedit.tlog\cl.read.1.tlog
d:\cengineer\opencvpractice\xvideoedit\src\xvideoedit\x64\debug\xvideoedit.tlog\cl.write.1.tlog
d:\cengineer\opencvpractice\xvideoedit\src\xvideoedit\x64\debug\xvideoedit.tlog\custombuild.command.1.tlog
d:\cengineer\opencvpractice\xvideoedit\src\xvideoedit\x64\debug\xvideoedit.tlog\custombuild.read.1.tlog
d:\cengineer\opencvpractice\xvideoedit\src\xvideoedit\x64\debug\xvideoedit.tlog\custombuild.write.1.tlog
d:\cengineer\opencvpractice\xvideoedit\src\xvideoedit\x64\debug\xvideoedit.tlog\link.command.1.tlog
d:\cengineer\opencvpractice\xvideoedit\src\xvideoedit\x64\debug\xvideoedit.tlog\link.read.1.tlog
d:\cengineer\opencvpractice\xvideoedit\src\xvideoedit\x64\debug\xvideoedit.tlog\link.write.1.tlog
